生成启动时间为 2013/8/28 22:59:00。
     1>项目“G:\engineer\cs\project\rfidks\mysql\mysql.vcxproj”在节点 2 上(build 个目标)。
     1>InitializeBuildStatus:
         正在对“Debug\mysql.unsuccessfulbuild”执行 Touch 任务。
       ClCompile:
         C:\Program Files (x86)\Microsoft Visual Studio 10.0\VC\bin\CL.exe /c /I"C:\Program Files\MySQL\MySQL Connector C 6.1\include" /I"C:\Program Files\MySQL\MySQL Connector C 6.1\lib" /ZI /nologo /W3 /WX- /Od /Oy- /D WIN32 /D _DEBUG /D _WINDOWS /D _UNICODE /D UNICODE /Gm /EHsc /RTC1 /MDd /GS /fp:precise /Zc:wchar_t /Zc:forScope /Fo"Debug\\" /Fd"Debug\vc100.pdb" /Gd /TC /analyze- /errorReport:prompt src\createdb.c
         createdb.c
       ManifestResourceCompile:
         C:\Program Files (x86)\Microsoft SDKs\Windows\v7.0A\bin\rc.exe /nologo /fo"Debug\mysql.exe.embed.manifest.res" Debug\mysql_manifest.rc 
       Link:
         C:\Program Files (x86)\Microsoft Visual Studio 10.0\VC\bin\link.exe /ERRORREPORT:PROMPT /OUT:"G:\engineer\cs\project\rfidks\Debug\mysql.exe" /INCREMENTAL /NOLOGO /LIBPATH:"C:\Program Files\MySQL\MySQL Connector C 6.1\lib" libmySQL.lib kernel32.lib user32.lib gdi32.lib winspool.lib comdlg32.lib advapi32.lib shell32.lib ole32.lib oleaut32.lib uuid.lib odbc32.lib odbccp32.lib /MANIFEST /ManifestFile:"Debug\mysql.exe.intermediate.manifest" /MANIFESTUAC:"level='asInvoker' uiAccess='false'" /DEBUG /PDB:"G:\engineer\cs\project\rfidks\Debug\mysql.pdb" /SUBSYSTEM:WINDOWS /TLBID:1 /DYNAMICBASE /NXCOMPAT /IMPLIB:"G:\engineer\cs\project\rfidks\Debug\mysql.lib" /MACHINE:X86 Debug\mysql.exe.embed.manifest.res
         Debug\createdb.obj
     1>createdb.obj : error LNK2019: 无法解析的外部符号 _mysql_query@8，该符号在函数 _main 中被引用
     1>createdb.obj : error LNK2019: 无法解析的外部符号 _mysql_close@4，该符号在函数 _main 中被引用
     1>createdb.obj : error LNK2019: 无法解析的外部符号 _mysql_real_connect@32，该符号在函数 _main 中被引用
     1>createdb.obj : error LNK2019: 无法解析的外部符号 _mysql_error@4，该符号在函数 _main 中被引用
     1>createdb.obj : error LNK2019: 无法解析的外部符号 _mysql_init@4，该符号在函数 _main 中被引用
     1>MSVCRTD.lib(crtexew.obj) : error LNK2019: 无法解析的外部符号 _WinMain@16，该符号在函数 ___tmainCRTStartup 中被引用
     1>G:\engineer\cs\project\rfidks\Debug\mysql.exe : fatal error LNK1120: 6 个无法解析的外部命令
     1>已完成生成项目“G:\engineer\cs\project\rfidks\mysql\mysql.vcxproj”(build 个目标)的操作 - 失败。

生成失败。

已用时间 00:00:02.20
